This is pdfTeX, Version 3.1415926-2.5-1.40.14 (TeX Live 2013/Debian) (format=latex 2014.2.20)  20 FEB 2014 19:04
entering extended mode
 restricted \write18 enabled.
 file:line:error style messages enabled.
 %&-line parsing enabled.
**VRC.tex
(./VRC.tex
LaTeX2e <2011/06/27>
Babel <3.9f> and hyphenation patterns for 4 languages loaded.
./VRC.tex:2: Undefined control sequence.
l.2     \chapter
                {VRC : Bit de parité}
? 
./VRC.tex:2: Emergency stop.
l.2     \chapter
                {VRC : Bit de parité}
End of file on the terminal!

 
Here is how much of TeX's memory you used:
 5 strings out of 495003
 117 string characters out of 6180288
 45813 words of memory out of 5000000
 3321 multiletter control sequences out of 15000+600000
 3640 words of font info for 14 fonts, out of 8000000 for 9000
 14 hyphenation exceptions out of 8191
 5i,0n,1p,44b,8s stack positions out of 5000i,500n,10000p,200000b,80000s
No pages of output.
